\begin{tikzpicture}[scale=1]
\node[] at (4.666666666666667,.5) {Base-2 Value};
\node[rotate=270] at (12.5,-4.0) {Base-10 Value};
\node[fill=red!38, draw, fit={(0.0,0)(1.5,-1)}, inner sep=0pt, thick] { $1$ };
\node[fill=red!5, draw, fit={(9.0,-1)(10.5,-2)}, inner sep=0pt, thick] { $\times1$ };
\node[fill=red!5, draw, fit={(10.5,-1)(12.0,-2)}, inner sep=0pt, thick] { $=0$ };
\draw[->, thick] (8.25,-1) -- (8.25,-1.5) -- (9.0,-1.5);
\node[fill=red!31, draw, fit={(1.5,0)(3.0,-1)}, inner sep=0pt, thick] { $0$ };
\node[fill=red!11, draw, fit={(9.0,-2)(10.5,-3)}, inner sep=0pt, thick] { $\times2$ };
\node[fill=red!11, draw, fit={(10.5,-2)(12.0,-3)}, inner sep=0pt, thick] { $=2$ };
\draw[->, thick] (6.75,-1) -- (6.75,-2.5) -- (9.0,-2.5);
\node[fill=red!25, draw, fit={(3.0,0)(4.5,-1)}, inner sep=0pt, thick] { $0$ };
\node[fill=red!18, draw, fit={(9.0,-3)(10.5,-4)}, inner sep=0pt, thick] { $\times4$ };
\node[fill=red!18, draw, fit={(10.5,-3)(12.0,-4)}, inner sep=0pt, thick] { $=4$ };
\draw[->, thick] (5.25,-1) -- (5.25,-3.5) -- (9.0,-3.5);
\node[fill=red!18, draw, fit={(4.5,0)(6.0,-1)}, inner sep=0pt, thick] { $1$ };
\node[fill=red!25, draw, fit={(9.0,-4)(10.5,-5)}, inner sep=0pt, thick] { $\times8$ };
\node[fill=red!25, draw, fit={(10.5,-4)(12.0,-5)}, inner sep=0pt, thick] { $=0$ };
\draw[->, thick] (3.75,-1) -- (3.75,-4.5) -- (9.0,-4.5);
\node[fill=red!11, draw, fit={(6.0,0)(7.5,-1)}, inner sep=0pt, thick] { $1$ };
\node[fill=red!31, draw, fit={(9.0,-5)(10.5,-6)}, inner sep=0pt, thick] { $\times16$ };
\node[fill=red!31, draw, fit={(10.5,-5)(12.0,-6)}, inner sep=0pt, thick] { $=0$ };
\draw[->, thick] (2.25,-1) -- (2.25,-5.5) -- (9.0,-5.5);
\node[fill=red!5, draw, fit={(7.5,0)(9.0,-1)}, inner sep=0pt, thick] { $0$ };
\node[fill=red!38, draw, fit={(9.0,-6)(10.5,-7)}, inner sep=0pt, thick] { $\times32$ };
\node[fill=red!38, draw, fit={(10.5,-6)(12.0,-7)}, inner sep=0pt, thick] { $=32$ };
\draw[->, thick] (0.75,-1) -- (0.75,-6.5) -- (9.0,-6.5);
\node[draw, fit={(9.0,-7)(10.5,-8)}, inner sep=0pt, very thick] { Total };
\node[draw, fit={(10.5,-7)(12.0,-8)}, inner sep=0pt, very thick] { $=38$ };
\end{tikzpicture}
\\
\begin{tikzpicture}[scale=1.5] \draw[dashed, thick](-1,0) to (8,0); \end{tikzpicture}
\\~\\
\begin{tikzpicture}[scale=1]
\node[] at (5.166666666666667,.5) {Base-3 Value};
\node[rotate=270] at (14.0,-4.5) {Base-10 Value};
\node[fill=green!39, draw, fit={(0.0,0)(1.5,-1)}, inner sep=0pt, thick] { $2$ };
\node[fill=green!5, draw, fit={(10.5,-1)(12.0,-2)}, inner sep=0pt, thick] { $\times1$ };
\node[fill=green!5, draw, fit={(12.0,-1)(13.5,-2)}, inner sep=0pt, thick] { $=1$ };
\draw[->, thick] (9.75,-1) -- (9.75,-1.5) -- (10.5,-1.5);
\node[fill=green!33, draw, fit={(1.5,0)(3.0,-1)}, inner sep=0pt, thick] { $1$ };
\node[fill=green!10, draw, fit={(10.5,-2)(12.0,-3)}, inner sep=0pt, thick] { $\times3$ };
\node[fill=green!10, draw, fit={(12.0,-2)(13.5,-3)}, inner sep=0pt, thick] { $=3$ };
\draw[->, thick] (8.25,-1) -- (8.25,-2.5) -- (10.5,-2.5);
\node[fill=green!27, draw, fit={(3.0,0)(4.5,-1)}, inner sep=0pt, thick] { $1$ };
\node[fill=green!16, draw, fit={(10.5,-3)(12.0,-4)}, inner sep=0pt, thick] { $\times9$ };
\node[fill=green!16, draw, fit={(12.0,-3)(13.5,-4)}, inner sep=0pt, thick] { $=18$ };
\draw[->, thick] (6.75,-1) -- (6.75,-3.5) -- (10.5,-3.5);
\node[fill=green!22, draw, fit={(4.5,0)(6.0,-1)}, inner sep=0pt, thick] { $0$ };
\node[fill=green!22, draw, fit={(10.5,-4)(12.0,-5)}, inner sep=0pt, thick] { $\times27$ };
\node[fill=green!22, draw, fit={(12.0,-4)(13.5,-5)}, inner sep=0pt, thick] { $=0$ };
\draw[->, thick] (5.25,-1) -- (5.25,-4.5) -- (10.5,-4.5);
\node[fill=green!16, draw, fit={(6.0,0)(7.5,-1)}, inner sep=0pt, thick] { $2$ };
\node[fill=green!27, draw, fit={(10.5,-5)(12.0,-6)}, inner sep=0pt, thick] { $\times81$ };
\node[fill=green!27, draw, fit={(12.0,-5)(13.5,-6)}, inner sep=0pt, thick] { $=81$ };
\draw[->, thick] (3.75,-1) -- (3.75,-5.5) -- (10.5,-5.5);
\node[fill=green!10, draw, fit={(7.5,0)(9.0,-1)}, inner sep=0pt, thick] { $1$ };
\node[fill=green!33, draw, fit={(10.5,-6)(12.0,-7)}, inner sep=0pt, thick] { $\times243$ };
\node[fill=green!33, draw, fit={(12.0,-6)(13.5,-7)}, inner sep=0pt, thick] { $=243$ };
\draw[->, thick] (2.25,-1) -- (2.25,-6.5) -- (10.5,-6.5);
\node[fill=green!5, draw, fit={(9.0,0)(10.5,-1)}, inner sep=0pt, thick] { $1$ };
\node[fill=green!39, draw, fit={(10.5,-7)(12.0,-8)}, inner sep=0pt, thick] { $\times729$ };
\node[fill=green!39, draw, fit={(12.0,-7)(13.5,-8)}, inner sep=0pt, thick] { $=1458$ };
\draw[->, thick] (0.75,-1) -- (0.75,-7.5) -- (10.5,-7.5);
\node[draw, fit={(10.5,-8)(12.0,-9)}, inner sep=0pt, very thick] { Total };
\node[draw, fit={(12.0,-8)(13.5,-9)}, inner sep=0pt, very thick] { $=1804$ };
\end{tikzpicture}
