\begin{tikzpicture}[scale=1.5]
\node[] at (3.6666666666666665,.5) {Base-10 Value};
\node[rotate=270] at (11.0,-3.0) {Base-10 Value};
\node[draw, fit={(0.0,0)(1.5,-1)}, inner sep=0pt](top0) { $1$ };
\node[draw, fit={(6.0,-1)(7.5,-2)}, inner sep=0pt](right0) { $1$ };
\draw[->] (5.25,-1) -- (5.25,-1.5) -- (6.0,-1.5);
\node[draw, fit={(7.5,-1)(9.0,-2)}, inner sep=0pt] { $\times7=$ };
\node[draw, fit={(9.0,-1)(10.5,-2)}, inner sep=0pt] { $7$ };
\node[draw, fit={(1.5,0)(3.0,-1)}, inner sep=0pt](top1) { $3$ };
\node[draw, fit={(6.0,-2)(7.5,-3)}, inner sep=0pt](right1) { $10$ };
\draw[->] (3.75,-1) -- (3.75,-2.5) -- (6.0,-2.5);
\node[draw, fit={(7.5,-2)(9.0,-3)}, inner sep=0pt] { $\times3=$ };
\node[draw, fit={(9.0,-2)(10.5,-3)}, inner sep=0pt] { $30$ };
\node[draw, fit={(3.0,0)(4.5,-1)}, inner sep=0pt](top2) { $3$ };
\node[draw, fit={(6.0,-3)(7.5,-4)}, inner sep=0pt](right2) { $100$ };
\draw[->] (2.25,-1) -- (2.25,-3.5) -- (6.0,-3.5);
\node[draw, fit={(7.5,-3)(9.0,-4)}, inner sep=0pt] { $\times3=$ };
\node[draw, fit={(9.0,-3)(10.5,-4)}, inner sep=0pt] { $300$ };
\node[draw, fit={(4.5,0)(6.0,-1)}, inner sep=0pt](top3) { $7$ };
\node[draw, fit={(6.0,-4)(7.5,-5)}, inner sep=0pt](right3) { $1000$ };
\draw[->] (0.75,-1) -- (0.75,-4.5) -- (6.0,-4.5);
\node[draw, fit={(7.5,-4)(9.0,-5)}, inner sep=0pt] { $\times1=$ };
\node[draw, fit={(9.0,-4)(10.5,-5)}, inner sep=0pt] { $1000$ };
\node[draw, fit={(6.0,-5)(9.0,-6)}, inner sep=0pt] { Total };
\node[draw, fit={(9.0,-5)(10.5,-6)}, inner sep=0pt] { $1337$ };
\end{tikzpicture}
